***************************************************************************************************
*** 
*** This is a custom banner
*** 
***************************************************************************************************
*** 
*** Module Name          : FrontEndDriver
*** Project Name         : cchome1
*** Version              : 1.0.0
*** Configured Timezone  : UTC
*** 
***************************************************************************************************
*** 
*** Log Number           : #1
*** Process Start Time   : 2/25/2020, 7:41:34 PM
*** Log Start Time       : 2/25/2020, 7:41:34 PM
*** Log Level            : 0
*** Continuing From      : FrontEndDriver.24272.1582659691340.log
*** 
***************************************************************************************************
*** 
*** Hostname             : EN1210049
*** OS Release           : 10.0.17763
*** Platform             : win32
*** NodeJS Version       : 12.13.1
*** OpenSSL Version      : 1.1.1d
*** 
***************************************************************************************************
*** 
*** DEPENDENT NPM PACKAGE DETAILS
*** 
*** cchome1@1.0.0 D:\dgligaPC\projects\nodejsproj\cchome1
*** +-- babel-install@2.1.0
*** +-- express@4.17.1
*** +-- express-async-await@1.1.0
*** +-- mustache@4.0.0
*** +-- mustache-express@1.3.0
*** +-- node-fetch@2.6.0
*** +-- nodemon@2.0.2
*** +-- open@7.0.2
*** +-- path@0.12.7
*** +-- perfect-logger@2.0.1
*** `-- terminal-link@2.1.1
*** 
*** 
***************************************************************************************************
2020/02/25 | 19:41:39 | INFO | This is an information
2020/02/25 | 19:41:39 | WARN | This is a warning
2020/02/25 | 19:41:49 | INFO | Try to fetch:https://api.chucknorris.io/jokes/random
2020/02/25 | 19:41:50 | INFO | Fetch successfully with status :[object Response]
2020/02/25 | 19:41:50 | INFO | Try to fetch:https://restcountries.eu/rest/v2/name/SAME
2020/02/25 | 19:41:50 | INFO | Fetch successfully with status :[object Response]
