***************************************************************************************************
*** 
*** This is a custom banner
*** 
***************************************************************************************************
*** 
*** Module Name          : FrontEndDriver
*** Project Name         : cchome1
*** Version              : 1.0.0
*** Configured Timezone  : UTC
*** 
***************************************************************************************************
*** 
*** Log Number           : #1
*** Process Start Time   : 2/25/2020, 8:46:56 PM
*** Log Start Time       : 2/25/2020, 8:46:56 PM
*** Log Level            : 0
*** Continuing From      : FrontEndDriver.22960.1582663613158.log
*** 
***************************************************************************************************
*** 
*** Hostname             : EN1210049
*** OS Release           : 10.0.17763
*** Platform             : win32
*** NodeJS Version       : 12.13.1
*** OpenSSL Version      : 1.1.1d
*** 
***************************************************************************************************
*** 
*** DEPENDENT NPM PACKAGE DETAILS
*** 
*** cchome1@1.0.0 D:\dgligaPC\projects\nodejsproj\cchome1
*** +-- babel-install@2.1.0
*** +-- express@4.17.1
*** +-- express-async-await@1.1.0
*** +-- express-handlebars@3.1.0
*** +-- mustache@4.0.0
*** +-- mustache-express@1.3.0
*** +-- node-fetch@2.6.0
*** +-- nodemon@2.0.2
*** +-- open@7.0.2
*** +-- path@0.12.7
*** +-- perfect-logger@2.0.1
*** `-- terminal-link@2.1.1
*** 
*** 
***************************************************************************************************
2020/02/25 | 20:47:05 | INFO | [GET] ON :/ex1
2020/02/25 | 20:47:05 | INFO | Try to fetch:https://api.chucknorris.io/jokes/random
2020/02/25 | 20:47:06 | INFO | Fetch successfully with status :200, statusText:OK wit time:971
2020/02/25 | 20:47:06 | INFO | Try to fetch:https://restcountries.eu/rest/v2/name/from
2020/02/25 | 20:47:06 | INFO | Fetch successfully with status :404, statusText:Not Found wit time:220
2020/02/25 | 20:47:18 | INFO | [GET] ON :/ex1
2020/02/25 | 20:47:18 | INFO | Try to fetch:https://api.chucknorris.io/jokes/random
2020/02/25 | 20:47:18 | INFO | Fetch successfully with status :200, statusText:OK wit time:277
2020/02/25 | 20:47:18 | INFO | Try to fetch:https://restcountries.eu/rest/v2/name/seen
2020/02/25 | 20:47:19 | INFO | Fetch successfully with status :404, statusText:Not Found wit time:198
2020/02/25 | 20:47:21 | INFO | [GET] ON :/ex1
2020/02/25 | 20:47:21 | INFO | Try to fetch:https://api.chucknorris.io/jokes/random
2020/02/25 | 20:47:22 | INFO | Fetch successfully with status :200, statusText:OK wit time:897
2020/02/25 | 20:47:22 | INFO | Try to fetch:https://restcountries.eu/rest/v2/name/crashes
2020/02/25 | 20:47:22 | INFO | Fetch successfully with status :404, statusText:Not Found wit time:196
2020/02/25 | 20:47:24 | INFO | [GET] ON :/ex1
2020/02/25 | 20:47:24 | INFO | Try to fetch:https://api.chucknorris.io/jokes/random
2020/02/25 | 20:47:25 | INFO | Fetch successfully with status :200, statusText:OK wit time:792
2020/02/25 | 20:47:25 | INFO | Try to fetch:https://restcountries.eu/rest/v2/name/all
2020/02/25 | 20:47:25 | INFO | Fetch successfully with status :200, statusText:OK wit time:199
