***************************************************************************************************
*** 
*** This is a custom banner
*** 
***************************************************************************************************
*** 
*** Module Name          : FrontEndDriver
*** Project Name         : cchome1
*** Version              : 1.0.0
*** Configured Timezone  : UTC
*** 
***************************************************************************************************
*** 
*** Log Number           : #1
*** Process Start Time   : 2/25/2020, 8:32:57 PM
*** Log Start Time       : 2/25/2020, 8:32:57 PM
*** Log Level            : 0
*** Continuing From      : FrontEndDriver.21204.1582662770561.log
*** 
***************************************************************************************************
*** 
*** Hostname             : EN1210049
*** OS Release           : 10.0.17763
*** Platform             : win32
*** NodeJS Version       : 12.13.1
*** OpenSSL Version      : 1.1.1d
*** 
***************************************************************************************************
*** 
*** DEPENDENT NPM PACKAGE DETAILS
*** 
*** cchome1@1.0.0 D:\dgligaPC\projects\nodejsproj\cchome1
*** +-- babel-install@2.1.0
*** +-- express@4.17.1
*** +-- express-async-await@1.1.0
*** +-- express-handlebars@3.1.0
*** +-- mustache@4.0.0
*** +-- mustache-express@1.3.0
*** +-- node-fetch@2.6.0
*** +-- nodemon@2.0.2
*** +-- open@7.0.2
*** +-- path@0.12.7
*** +-- perfect-logger@2.0.1
*** `-- terminal-link@2.1.1
*** 
*** 
***************************************************************************************************
2020/02/25 | 20:33:08 | INFO | [GET] ON :/ [ERROR] Internal error - 500 
2020/02/25 | 20:37:14 | INFO | [GET] ON :/ex1
2020/02/25 | 20:37:14 | INFO | Try to fetch:https://api.chucknorris.io/jokes/random
2020/02/25 | 20:37:14 | INFO | Fetch successfully with status :200, statusText:OK wit time:689
2020/02/25 | 20:37:14 | INFO | Try to fetch:https://restcountries.eu/rest/v2/name/undefined
2020/02/25 | 20:37:15 | INFO | Fetch successfully with status :404, statusText:Not Found wit time:279
2020/02/25 | 20:37:43 | INFO | [GET] ON :/ex1
2020/02/25 | 20:37:43 | INFO | Try to fetch:https://api.chucknorris.io/jokes/random
2020/02/25 | 20:37:44 | INFO | Fetch successfully with status :200, statusText:OK wit time:523
2020/02/25 | 20:37:44 | INFO | Try to fetch:https://restcountries.eu/rest/v2/name/TV.
2020/02/25 | 20:37:44 | INFO | Fetch successfully with status :404, statusText:Not Found wit time:190
2020/02/25 | 20:37:47 | INFO | [GET] ON :/ex1
2020/02/25 | 20:37:47 | INFO | Try to fetch:https://api.chucknorris.io/jokes/random
2020/02/25 | 20:37:47 | INFO | Fetch successfully with status :200, statusText:OK wit time:466
2020/02/25 | 20:37:47 | INFO | Try to fetch:https://restcountries.eu/rest/v2/name/roundhouse
2020/02/25 | 20:37:47 | INFO | Fetch successfully with status :404, statusText:Not Found wit time:195
2020/02/25 | 20:37:55 | INFO | [GET] ON :/ex1
2020/02/25 | 20:37:55 | INFO | Try to fetch:https://api.chucknorris.io/jokes/random
2020/02/25 | 20:37:56 | INFO | Fetch successfully with status :200, statusText:OK wit time:419
2020/02/25 | 20:37:56 | INFO | Try to fetch:https://restcountries.eu/rest/v2/name/Chuck
2020/02/25 | 20:37:56 | INFO | Fetch successfully with status :404, statusText:Not Found wit time:201
2020/02/25 | 20:37:58 | INFO | [GET] ON :/ex1
2020/02/25 | 20:37:58 | INFO | Try to fetch:https://api.chucknorris.io/jokes/random
2020/02/25 | 20:38:01 | INFO | Fetch successfully with status :200, statusText:OK wit time:3134
2020/02/25 | 20:38:01 | INFO | Try to fetch:https://restcountries.eu/rest/v2/name/He
2020/02/25 | 20:38:01 | INFO | Fetch successfully with status :200, statusText:OK wit time:198
