***************************************************************************************************
*** 
*** This is a custom banner
*** 
***************************************************************************************************
*** 
*** Module Name          : FrontEndDriver
*** Project Name         : cchome1
*** Version              : 1.0.0
*** Configured Timezone  : UTC
*** 
***************************************************************************************************
*** 
*** Log Number           : #1
*** Process Start Time   : 2/27/2020, 2:15:52 PM
*** Log Start Time       : 2/27/2020, 2:15:52 PM
*** Log Level            : 0
*** Continuing From      : FrontEndDriver.4356.1582812928681.log
*** 
***************************************************************************************************
*** 
*** Hostname             : EN1210049
*** OS Release           : 10.0.17763
*** Platform             : win32
*** NodeJS Version       : 12.13.1
*** OpenSSL Version      : 1.1.1d
*** 
***************************************************************************************************
*** 
*** DEPENDENT NPM PACKAGE DETAILS
*** 
*** cchome1@1.0.0 D:\dgligaPC\projects\nodejsproj\cchome1
*** +-- babel-install@2.1.0
*** +-- express@4.17.1
*** +-- express-async-await@1.1.0
*** +-- express-handlebars@3.1.0
*** +-- mustache@4.0.0
*** +-- mustache-express@1.3.0
*** +-- node-fetch@2.6.0
*** +-- nodemon@2.0.2
*** +-- open@7.0.2
*** +-- path@0.12.7
*** +-- perfect-logger@2.0.1
*** `-- terminal-link@2.1.1
*** 
*** 
***************************************************************************************************
2020/02/27 | 14:15:59 | INFO | [GET] ON :/ex1
2020/02/27 | 14:15:59 | INFO | Try to fetch:https://free-nba.p.rapidapi.com/teams?page=0
2020/02/27 | 14:16:00 | INFO | Fetch successfully with status :200, statusText:OK wit time:733
2020/02/27 | 14:16:00 | INFO | Try to fetch:https://api.chucknorris.io/jokes/random
2020/02/27 | 14:16:00 | INFO | Fetch successfully with status :200, statusText:OK wit time:259
2020/02/27 | 14:16:00 | INFO | Try to fetch:https://restcountries.eu/rest/v2/name/li
2020/02/27 | 14:16:01 | INFO | Fetch successfully with status :200, statusText:OK wit time:208
2020/02/27 | 14:16:09 | INFO | [GET] ON :/ex1
2020/02/27 | 14:16:09 | INFO | Try to fetch:https://free-nba.p.rapidapi.com/teams?page=0
2020/02/27 | 14:16:10 | INFO | Fetch successfully with status :200, statusText:OK wit time:509
2020/02/27 | 14:16:10 | INFO | Try to fetch:https://api.chucknorris.io/jokes/random
2020/02/27 | 14:16:10 | INFO | Fetch successfully with status :200, statusText:OK wit time:301
2020/02/27 | 14:16:10 | INFO | Try to fetch:https://restcountries.eu/rest/v2/name/sa
2020/02/27 | 14:16:10 | INFO | Fetch successfully with status :200, statusText:OK wit time:195
2020/02/27 | 14:16:14 | INFO | [GET] ON :/ex1
2020/02/27 | 14:16:14 | INFO | Try to fetch:https://free-nba.p.rapidapi.com/teams?page=0
2020/02/27 | 14:16:14 | INFO | Fetch successfully with status :200, statusText:OK wit time:512
2020/02/27 | 14:16:14 | INFO | Try to fetch:https://api.chucknorris.io/jokes/random
2020/02/27 | 14:16:14 | INFO | Fetch successfully with status :200, statusText:OK wit time:271
2020/02/27 | 14:16:14 | INFO | Try to fetch:https://restcountries.eu/rest/v2/name/bo
2020/02/27 | 14:16:15 | INFO | Fetch successfully with status :200, statusText:OK wit time:198
2020/02/27 | 14:16:18 | INFO | [GET] ON :/ex1
2020/02/27 | 14:16:18 | INFO | Try to fetch:https://free-nba.p.rapidapi.com/teams?page=0
2020/02/27 | 14:16:18 | INFO | Fetch successfully with status :200, statusText:OK wit time:510
2020/02/27 | 14:16:18 | INFO | Try to fetch:https://api.chucknorris.io/jokes/random
2020/02/27 | 14:16:18 | INFO | Fetch successfully with status :200, statusText:OK wit time:148
2020/02/27 | 14:16:18 | INFO | Try to fetch:https://restcountries.eu/rest/v2/name/th
2020/02/27 | 14:16:18 | INFO | Fetch successfully with status :200, statusText:OK wit time:222
