***************************************************************************************************
*** 
*** This is a custom banner
*** 
***************************************************************************************************
*** 
*** Module Name          : FrontEndDriver
*** Project Name         : cchome1
*** Version              : 1.0.0
*** Configured Timezone  : UTC
*** 
***************************************************************************************************
*** 
*** Log Number           : #1
*** Process Start Time   : 2/25/2020, 9:12:00 PM
*** Log Start Time       : 2/25/2020, 9:12:00 PM
*** Log Level            : 0
*** Continuing From      : FrontEndDriver.23268.1582664665113.log
*** 
***************************************************************************************************
*** 
*** Hostname             : EN1210049
*** OS Release           : 10.0.17763
*** Platform             : win32
*** NodeJS Version       : 12.13.1
*** OpenSSL Version      : 1.1.1d
*** 
***************************************************************************************************
*** 
*** DEPENDENT NPM PACKAGE DETAILS
*** 
*** cchome1@1.0.0 D:\dgligaPC\projects\nodejsproj\cchome1
*** +-- babel-install@2.1.0
*** +-- express@4.17.1
*** +-- express-async-await@1.1.0
*** +-- express-handlebars@3.1.0
*** +-- mustache@4.0.0
*** +-- mustache-express@1.3.0
*** +-- node-fetch@2.6.0
*** +-- nodemon@2.0.2
*** +-- open@7.0.2
*** +-- path@0.12.7
*** +-- perfect-logger@2.0.1
*** `-- terminal-link@2.1.1
*** 
*** 
***************************************************************************************************
2020/02/25 | 21:12:06 | INFO | [GET] ON :/ex1
2020/02/25 | 21:12:06 | INFO | Try to fetch:https://api.chucknorris.io/jokes/random
2020/02/25 | 21:12:07 | INFO | Fetch successfully with status :200, statusText:OK wit time:949
2020/02/25 | 21:12:07 | INFO | Try to fetch:https://restcountries.eu/rest/v2/name/lig
2020/02/25 | 21:12:08 | INFO | Fetch successfully with status :404, statusText:Not Found wit time:252
2020/02/25 | 21:12:08 | INFO | [GET] ON :/img/text.png
2020/02/25 | 21:12:08 | INFO | [GET] ON :/img/text.png [ERROR - 404 Page Not Found] 
2020/02/25 | 21:12:10 | INFO | [GET] ON :/ex1
2020/02/25 | 21:12:10 | INFO | Try to fetch:https://api.chucknorris.io/jokes/random
2020/02/25 | 21:12:11 | INFO | Fetch successfully with status :200, statusText:OK wit time:810
2020/02/25 | 21:12:11 | INFO | Try to fetch:https://restcountries.eu/rest/v2/name/mov
2020/02/25 | 21:12:11 | INFO | Fetch successfully with status :404, statusText:Not Found wit time:203
2020/02/25 | 21:12:12 | INFO | [GET] ON :/img/text.png
2020/02/25 | 21:12:12 | INFO | [GET] ON :/img/text.png [ERROR - 404 Page Not Found] 
2020/02/25 | 21:13:14 | INFO | [GET] ON :/ex1
2020/02/25 | 21:13:14 | INFO | Try to fetch:https://api.chucknorris.io/jokes/random
2020/02/25 | 21:13:15 | INFO | Fetch successfully with status :200, statusText:OK wit time:932
2020/02/25 | 21:13:15 | INFO | Try to fetch:https://restcountries.eu/rest/v2/name/and
2020/02/25 | 21:13:15 | INFO | Fetch successfully with status :200, statusText:OK wit time:202
