***************************************************************************************************
*** 
*** Logging Stuff
*** 
***************************************************************************************************
*** 
*** Module Name          : FrontEndDriver
*** Project Name         : cchome1
*** Version              : 1.0.0
*** Configured Timezone  : UTC
*** 
***************************************************************************************************
*** 
*** Log Number           : #1
*** Process Start Time   : 2/27/2020, 4:28:19 PM
*** Log Start Time       : 2/27/2020, 4:28:19 PM
*** Log Level            : 0
*** Continuing From      : FrontEndDriver.12012.1582820896994.log
*** 
***************************************************************************************************
*** 
*** Hostname             : EN1210049
*** OS Release           : 10.0.17763
*** Platform             : win32
*** NodeJS Version       : 12.13.1
*** OpenSSL Version      : 1.1.1d
*** 
***************************************************************************************************
*** 
*** DEPENDENT NPM PACKAGE DETAILS
*** 
*** cchome1@1.0.0 D:\dgligaPC\projects\nodejsproj\cchome1
*** +-- babel-install@2.1.0
*** +-- express@4.17.1
*** +-- express-async-await@1.1.0
*** +-- express-handlebars@3.1.0
*** +-- fs@0.0.1-security
*** +-- line-reader@0.4.0
*** +-- mustache@4.0.0
*** +-- mustache-express@1.3.0
*** +-- node-fetch@2.6.0
*** +-- nodemon@2.0.2
*** +-- open@7.0.2
*** +-- path@0.12.7
*** +-- perfect-logger@2.0.1
*** `-- terminal-link@2.1.1
*** 
*** 
***************************************************************************************************
2020/02/27 | 16:28:25 | INFO | [GET] ON :/matrix
2020/02/27 | 16:28:44 | INFO | [GET] ON :/style.css
2020/02/27 | 16:28:50 | INFO | [GET] ON :/ex1
2020/02/27 | 16:28:50 | INFO | Try to fetch:https://free-nba.p.rapidapi.com/teams?page=0
2020/02/27 | 16:28:51 | INFO | Fetch successfully with status :200, statusText:OK wit time:793
2020/02/27 | 16:28:51 | INFO | Try to fetch:https://api.chucknorris.io/jokes/random
2020/02/27 | 16:28:51 | INFO | Fetch successfully with status :200, statusText:OK wit time:549
2020/02/27 | 16:28:51 | INFO | Try to fetch:https://restcountries.eu/rest/v2/name/th
2020/02/27 | 16:28:52 | INFO | Fetch successfully with status :200, statusText:OK wit time:570
2020/02/27 | 16:28:56 | INFO | [GET] ON :/matrix
2020/02/27 | 16:30:22 | INFO | [GET] ON :/style.css
2020/02/27 | 16:30:47 | INFO | [GET] ON :/style.css
2020/02/27 | 16:30:48 | INFO | [GET] ON :/ex1
2020/02/27 | 16:30:48 | INFO | Try to fetch:https://free-nba.p.rapidapi.com/teams?page=0
2020/02/27 | 16:30:49 | INFO | Fetch successfully with status :200, statusText:OK wit time:1277
2020/02/27 | 16:30:49 | INFO | Try to fetch:https://api.chucknorris.io/jokes/random
2020/02/27 | 16:30:53 | INFO | Fetch successfully with status :200, statusText:OK wit time:3453
2020/02/27 | 16:30:53 | INFO | Try to fetch:https://restcountries.eu/rest/v2/name/to
2020/02/27 | 16:30:53 | INFO | Fetch successfully with status :200, statusText:OK wit time:229
2020/02/27 | 16:30:58 | INFO | [GET] ON :/ex1
2020/02/27 | 16:30:58 | INFO | Try to fetch:https://free-nba.p.rapidapi.com/teams?page=0
2020/02/27 | 16:30:59 | INFO | Fetch successfully with status :200, statusText:OK wit time:569
2020/02/27 | 16:30:59 | INFO | Try to fetch:https://api.chucknorris.io/jokes/random
2020/02/27 | 16:30:59 | INFO | Fetch successfully with status :200, statusText:OK wit time:617
2020/02/27 | 16:30:59 | INFO | Try to fetch:https://restcountries.eu/rest/v2/name/Ch
2020/02/27 | 16:31:00 | INFO | Fetch successfully with status :200, statusText:OK wit time:229
2020/02/27 | 16:31:03 | INFO | [GET] ON :/matrix
2020/02/27 | 16:36:48 | INFO | [GET] ON :/ex1
2020/02/27 | 16:36:48 | INFO | Try to fetch:https://free-nba.p.rapidapi.com/teams?page=0
2020/02/27 | 16:36:49 | INFO | Fetch successfully with status :200, statusText:OK wit time:1928
2020/02/27 | 16:36:49 | INFO | Try to fetch:https://api.chucknorris.io/jokes/random
2020/02/27 | 16:36:50 | INFO | Fetch successfully with status :200, statusText:OK wit time:618
2020/02/27 | 16:36:50 | INFO | Try to fetch:https://restcountries.eu/rest/v2/name/No
2020/02/27 | 16:36:50 | INFO | Fetch successfully with status :200, statusText:OK wit time:372
2020/02/27 | 16:39:08 | INFO | [GET] ON :/ex1
2020/02/27 | 16:39:08 | INFO | Try to fetch:https://free-nba.p.rapidapi.com/teams?page=0
2020/02/27 | 16:39:08 | INFO | [GET] ON :/ex1
2020/02/27 | 16:39:08 | INFO | Try to fetch:https://free-nba.p.rapidapi.com/teams?page=0
2020/02/27 | 16:39:08 | INFO | [GET] ON :/ex1
2020/02/27 | 16:39:08 | INFO | Try to fetch:https://free-nba.p.rapidapi.com/teams?page=0
2020/02/27 | 16:39:08 | INFO | [GET] ON :/ex1
2020/02/27 | 16:39:08 | INFO | Try to fetch:https://free-nba.p.rapidapi.com/teams?page=0
2020/02/27 | 16:39:08 | INFO | [GET] ON :/ex1
2020/02/27 | 16:39:08 | INFO | Try to fetch:https://free-nba.p.rapidapi.com/teams?page=0
2020/02/27 | 16:39:08 | INFO | [GET] ON :/ex1
2020/02/27 | 16:39:08 | INFO | Try to fetch:https://free-nba.p.rapidapi.com/teams?page=0
2020/02/27 | 16:39:08 | INFO | [GET] ON :/ex1
2020/02/27 | 16:39:08 | INFO | Try to fetch:https://free-nba.p.rapidapi.com/teams?page=0
2020/02/27 | 16:39:08 | INFO | [GET] ON :/ex1
2020/02/27 | 16:39:08 | INFO | Try to fetch:https://free-nba.p.rapidapi.com/teams?page=0
2020/02/27 | 16:39:08 | INFO | Fetch successfully with status :200, statusText:OK wit time:697
2020/02/27 | 16:39:08 | INFO | Try to fetch:https://api.chucknorris.io/jokes/random
2020/02/27 | 16:39:08 | INFO | [GET] ON :/ex1
2020/02/27 | 16:39:08 | INFO | Try to fetch:https://free-nba.p.rapidapi.com/teams?page=0
2020/02/27 | 16:39:09 | INFO | Fetch successfully with status :200, statusText:OK wit time:559
2020/02/27 | 16:39:09 | INFO | Try to fetch:https://api.chucknorris.io/jokes/random
2020/02/27 | 16:39:09 | INFO | [GET] ON :/ex1
2020/02/27 | 16:39:09 | INFO | Try to fetch:https://free-nba.p.rapidapi.com/teams?page=0
2020/02/27 | 16:39:09 | INFO | Fetch successfully with status :200, statusText:OK wit time:543
2020/02/27 | 16:39:09 | INFO | Try to fetch:https://api.chucknorris.io/jokes/random
2020/02/27 | 16:39:09 | INFO | Fetch successfully with status :200, statusText:OK wit time:877
2020/02/27 | 16:39:09 | INFO | Try to fetch:https://api.chucknorris.io/jokes/random
2020/02/27 | 16:39:09 | INFO | Fetch successfully with status :200, statusText:OK wit time:416
2020/02/27 | 16:39:09 | INFO | Try to fetch:https://restcountries.eu/rest/v2/name/to
2020/02/27 | 16:39:09 | INFO | Fetch successfully with status :200, statusText:OK wit time:367
2020/02/27 | 16:39:09 | INFO | Try to fetch:https://restcountries.eu/rest/v2/name/the
2020/02/27 | 16:39:09 | INFO | Fetch successfully with status :200, statusText:OK wit time:373
2020/02/27 | 16:39:09 | INFO | Fetch successfully with status :200, statusText:OK wit time:237
2020/02/27 | 16:39:09 | INFO | [GET] ON :/ex1
2020/02/27 | 16:39:09 | INFO | Try to fetch:https://free-nba.p.rapidapi.com/teams?page=0
2020/02/27 | 16:39:09 | INFO | Fetch successfully with status :200, statusText:OK wit time:839
2020/02/27 | 16:39:09 | INFO | Try to fetch:https://api.chucknorris.io/jokes/random
2020/02/27 | 16:39:09 | INFO | Fetch successfully with status :200, statusText:OK wit time:262
2020/02/27 | 16:39:09 | INFO | Fetch successfully with status :200, statusText:OK wit time:1108
2020/02/27 | 16:39:09 | INFO | Try to fetch:https://api.chucknorris.io/jokes/random
2020/02/27 | 16:39:09 | INFO | [GET] ON :/ex1
2020/02/27 | 16:39:09 | INFO | Try to fetch:https://free-nba.p.rapidapi.com/teams?page=0
2020/02/27 | 16:39:09 | INFO | Fetch successfully with status :200, statusText:OK wit time:832
2020/02/27 | 16:39:09 | INFO | Try to fetch:https://api.chucknorris.io/jokes/random
2020/02/27 | 16:39:09 | INFO | Fetch successfully with status :200, statusText:OK wit time:842
2020/02/27 | 16:39:09 | INFO | Try to fetch:https://restcountries.eu/rest/v2/name/and
2020/02/27 | 16:39:09 | INFO | Fetch successfully with status :200, statusText:OK wit time:166
2020/02/27 | 16:39:09 | INFO | Try to fetch:https://restcountries.eu/rest/v2/name/se
2020/02/27 | 16:39:09 | INFO | Fetch successfully with status :200, statusText:OK wit time:345
2020/02/27 | 16:39:09 | INFO | Try to fetch:https://restcountries.eu/rest/v2/name/Ca
2020/02/27 | 16:39:10 | INFO | Fetch successfully with status :200, statusText:OK wit time:214
2020/02/27 | 16:39:10 | INFO | Fetch successfully with status :200, statusText:OK wit time:546
2020/02/27 | 16:39:10 | INFO | Try to fetch:https://api.chucknorris.io/jokes/random
2020/02/27 | 16:39:10 | INFO | Fetch successfully with status :200, statusText:OK wit time:352
2020/02/27 | 16:39:10 | INFO | Fetch successfully with status :200, statusText:OK wit time:225
2020/02/27 | 16:39:10 | INFO | [GET] ON :/ex1
2020/02/27 | 16:39:10 | INFO | Try to fetch:https://free-nba.p.rapidapi.com/teams?page=0
2020/02/27 | 16:39:10 | INFO | Fetch successfully with status :200, statusText:OK wit time:238
2020/02/27 | 16:39:10 | INFO | [GET] ON :/ex1
2020/02/27 | 16:39:10 | INFO | Try to fetch:https://free-nba.p.rapidapi.com/teams?page=0
2020/02/27 | 16:39:10 | INFO | [GET] ON :/ex1
2020/02/27 | 16:39:10 | INFO | Try to fetch:https://free-nba.p.rapidapi.com/teams?page=0
2020/02/27 | 16:39:10 | INFO | Fetch successfully with status :200, statusText:OK wit time:554
2020/02/27 | 16:39:10 | INFO | Try to fetch:https://api.chucknorris.io/jokes/random
2020/02/27 | 16:39:10 | INFO | Fetch successfully with status :200, statusText:OK wit time:345
2020/02/27 | 16:39:10 | INFO | Try to fetch:https://restcountries.eu/rest/v2/name/not
2020/02/27 | 16:39:10 | INFO | Fetch successfully with status :404, statusText:Not Found wit time:217
2020/02/27 | 16:39:10 | INFO | Fetch successfully with status :200, statusText:OK wit time:541
2020/02/27 | 16:39:10 | INFO | Try to fetch:https://api.chucknorris.io/jokes/random
2020/02/27 | 16:39:10 | INFO | Fetch successfully with status :200, statusText:OK wit time:569
2020/02/27 | 16:39:10 | INFO | Try to fetch:https://api.chucknorris.io/jokes/random
2020/02/27 | 16:39:10 | INFO | Fetch successfully with status :200, statusText:OK wit time:632
2020/02/27 | 16:39:10 | INFO | Try to fetch:https://api.chucknorris.io/jokes/random
2020/02/27 | 16:39:11 | INFO | Fetch successfully with status :200, statusText:OK wit time:350
2020/02/27 | 16:39:11 | INFO | Try to fetch:https://restcountries.eu/rest/v2/name/man
2020/02/27 | 16:39:11 | INFO | Fetch successfully with status :200, statusText:OK wit time:349
2020/02/27 | 16:39:11 | INFO | Try to fetch:https://restcountries.eu/rest/v2/name/Do
2020/02/27 | 16:39:11 | INFO | Fetch successfully with status :200, statusText:OK wit time:212
2020/02/27 | 16:39:11 | INFO | [GET] ON :/ex1
2020/02/27 | 16:39:11 | INFO | Try to fetch:https://free-nba.p.rapidapi.com/teams?page=0
2020/02/27 | 16:39:11 | INFO | Fetch successfully with status :200, statusText:OK wit time:387
2020/02/27 | 16:39:11 | INFO | Try to fetch:https://restcountries.eu/rest/v2/name/wo
2020/02/27 | 16:39:11 | INFO | Fetch successfully with status :200, statusText:OK wit time:225
2020/02/27 | 16:39:11 | INFO | [GET] ON :/ex1
2020/02/27 | 16:39:11 | INFO | Try to fetch:https://free-nba.p.rapidapi.com/teams?page=0
2020/02/27 | 16:39:11 | INFO | Fetch successfully with status :404, statusText:Not Found wit time:219
2020/02/27 | 16:39:11 | INFO | Fetch successfully with status :200, statusText:OK wit time:541
2020/02/27 | 16:39:11 | INFO | Try to fetch:https://api.chucknorris.io/jokes/random
2020/02/27 | 16:39:11 | INFO | Fetch successfully with status :200, statusText:OK wit time:3604
2020/02/27 | 16:39:11 | INFO | Try to fetch:https://api.chucknorris.io/jokes/random
2020/02/27 | 16:39:11 | INFO | Fetch successfully with status :200, statusText:OK wit time:543
2020/02/27 | 16:39:11 | INFO | Try to fetch:https://api.chucknorris.io/jokes/random
2020/02/27 | 16:39:12 | INFO | Fetch successfully with status :200, statusText:OK wit time:231
2020/02/27 | 16:39:12 | INFO | Try to fetch:https://restcountries.eu/rest/v2/name/has
2020/02/27 | 16:39:12 | INFO | Fetch successfully with status :200, statusText:OK wit time:180
2020/02/27 | 16:39:12 | INFO | Try to fetch:https://restcountries.eu/rest/v2/name/do
2020/02/27 | 16:39:12 | INFO | Fetch successfully with status :200, statusText:OK wit time:341
2020/02/27 | 16:39:12 | INFO | Try to fetch:https://restcountries.eu/rest/v2/name/ka
2020/02/27 | 16:39:12 | INFO | Fetch successfully with status :200, statusText:OK wit time:263
2020/02/27 | 16:39:12 | INFO | [GET] ON :/ex1
2020/02/27 | 16:39:12 | INFO | Try to fetch:https://free-nba.p.rapidapi.com/teams?page=0
2020/02/27 | 16:39:12 | INFO | Fetch successfully with status :200, statusText:OK wit time:279
2020/02/27 | 16:39:12 | INFO | [GET] ON :/ex1
2020/02/27 | 16:39:12 | INFO | Try to fetch:https://free-nba.p.rapidapi.com/teams?page=0
2020/02/27 | 16:39:12 | INFO | Fetch successfully with status :200, statusText:OK wit time:218
2020/02/27 | 16:39:12 | INFO | [GET] ON :/ex1
2020/02/27 | 16:39:12 | INFO | Try to fetch:https://free-nba.p.rapidapi.com/teams?page=0
2020/02/27 | 16:39:12 | INFO | Fetch successfully with status :200, statusText:OK wit time:566
2020/02/27 | 16:39:12 | INFO | Try to fetch:https://api.chucknorris.io/jokes/random
2020/02/27 | 16:39:13 | INFO | Fetch successfully with status :200, statusText:OK wit time:581
2020/02/27 | 16:39:13 | INFO | Try to fetch:https://api.chucknorris.io/jokes/random
2020/02/27 | 16:39:13 | INFO | Fetch successfully with status :200, statusText:OK wit time:567
2020/02/27 | 16:39:13 | INFO | Try to fetch:https://api.chucknorris.io/jokes/random
2020/02/27 | 16:39:13 | INFO | Fetch successfully with status :200, statusText:OK wit time:199
2020/02/27 | 16:39:13 | INFO | Try to fetch:https://restcountries.eu/rest/v2/name/the
2020/02/27 | 16:39:13 | INFO | Fetch successfully with status :200, statusText:OK wit time:1065
2020/02/27 | 16:39:13 | INFO | Try to fetch:https://restcountries.eu/rest/v2/name/st
2020/02/27 | 16:39:14 | INFO | Fetch successfully with status :200, statusText:OK wit time:214
2020/02/27 | 16:39:14 | INFO | [GET] ON :/ex1
2020/02/27 | 16:39:14 | INFO | Try to fetch:https://free-nba.p.rapidapi.com/teams?page=0
2020/02/27 | 16:39:14 | INFO | Fetch successfully with status :200, statusText:OK wit time:541
2020/02/27 | 16:39:14 | INFO | Try to fetch:https://api.chucknorris.io/jokes/random
2020/02/27 | 16:39:15 | INFO | Fetch successfully with status :200, statusText:OK wit time:610
2020/02/27 | 16:39:16 | INFO | Fetch successfully with status :200, statusText:OK wit time:3320
2020/02/27 | 16:39:16 | INFO | Try to fetch:https://restcountries.eu/rest/v2/name/of
2020/02/27 | 16:39:16 | INFO | Fetch successfully with status :200, statusText:OK wit time:7644
2020/02/27 | 16:39:16 | INFO | Try to fetch:https://api.chucknorris.io/jokes/random
2020/02/27 | 16:39:16 | INFO | Fetch successfully with status :200, statusText:OK wit time:3240
2020/02/27 | 16:39:16 | INFO | Fetch successfully with status :200, statusText:OK wit time:236
2020/02/27 | 16:39:16 | INFO | [GET] ON :/ex1
2020/02/27 | 16:39:16 | INFO | Try to fetch:https://free-nba.p.rapidapi.com/teams?page=0
2020/02/27 | 16:39:16 | INFO | Fetch successfully with status :200, statusText:OK wit time:7680
2020/02/27 | 16:39:16 | INFO | Try to fetch:https://api.chucknorris.io/jokes/random
2020/02/27 | 16:39:16 | INFO | Fetch successfully with status :200, statusText:OK wit time:338
2020/02/27 | 16:39:16 | INFO | Try to fetch:https://restcountries.eu/rest/v2/name/to
2020/02/27 | 16:39:16 | INFO | [GET] ON :/ex1
2020/02/27 | 16:39:16 | INFO | Try to fetch:https://free-nba.p.rapidapi.com/teams?page=0
2020/02/27 | 16:39:16 | INFO | Fetch successfully with status :200, statusText:OK wit time:182
2020/02/27 | 16:39:16 | INFO | Try to fetch:https://restcountries.eu/rest/v2/name/Me
2020/02/27 | 16:39:17 | INFO | Fetch successfully with status :200, statusText:OK wit time:238
2020/02/27 | 16:39:17 | INFO | [GET] ON :/ex1
2020/02/27 | 16:39:17 | INFO | Try to fetch:https://free-nba.p.rapidapi.com/teams?page=0
2020/02/27 | 16:39:17 | INFO | Fetch successfully with status :200, statusText:OK wit time:222
2020/02/27 | 16:39:17 | INFO | [GET] ON :/ex1
2020/02/27 | 16:39:17 | INFO | Try to fetch:https://free-nba.p.rapidapi.com/teams?page=0
2020/02/27 | 16:39:17 | INFO | Fetch successfully with status :200, statusText:OK wit time:594
2020/02/27 | 16:39:17 | INFO | Try to fetch:https://api.chucknorris.io/jokes/random
2020/02/27 | 16:39:17 | INFO | Fetch successfully with status :200, statusText:OK wit time:547
2020/02/27 | 16:39:17 | INFO | Try to fetch:https://api.chucknorris.io/jokes/random
2020/02/27 | 16:39:17 | INFO | Fetch successfully with status :200, statusText:OK wit time:161
2020/02/27 | 16:39:17 | INFO | Try to fetch:https://restcountries.eu/rest/v2/name/ev
2020/02/27 | 16:39:17 | INFO | Fetch successfully with status :200, statusText:OK wit time:571
2020/02/27 | 16:39:17 | INFO | Try to fetch:https://api.chucknorris.io/jokes/random
2020/02/27 | 16:39:17 | INFO | Fetch successfully with status :200, statusText:OK wit time:239
2020/02/27 | 16:39:17 | INFO | [GET] ON :/ex1
2020/02/27 | 16:39:17 | INFO | Try to fetch:https://free-nba.p.rapidapi.com/teams?page=0
2020/02/27 | 16:39:17 | INFO | Fetch successfully with status :200, statusText:OK wit time:154
2020/02/27 | 16:39:17 | INFO | Try to fetch:https://restcountries.eu/rest/v2/name/a
2020/02/27 | 16:39:17 | INFO | Fetch successfully with status :200, statusText:OK wit time:831
2020/02/27 | 16:39:17 | INFO | Try to fetch:https://api.chucknorris.io/jokes/random
2020/02/27 | 16:39:18 | INFO | Fetch successfully with status :200, statusText:OK wit time:233
2020/02/27 | 16:39:18 | INFO | [GET] ON :/ex1
2020/02/27 | 16:39:18 | INFO | Try to fetch:https://free-nba.p.rapidapi.com/teams?page=0
2020/02/27 | 16:39:18 | INFO | Fetch successfully with status :200, statusText:OK wit time:152
2020/02/27 | 16:39:18 | INFO | Fetch successfully with status :200, statusText:OK wit time:555
2020/02/27 | 16:39:18 | INFO | Try to fetch:https://api.chucknorris.io/jokes/random
2020/02/27 | 16:39:18 | INFO | Fetch successfully with status :200, statusText:OK wit time:550
2020/02/27 | 16:39:18 | INFO | Try to fetch:https://api.chucknorris.io/jokes/random
2020/02/27 | 16:39:18 | INFO | Fetch successfully with status :200, statusText:OK wit time:185
2020/02/27 | 16:39:18 | INFO | Try to fetch:https://restcountries.eu/rest/v2/name/me
2020/02/27 | 16:39:19 | INFO | Fetch successfully with status :200, statusText:OK wit time:233
2020/02/27 | 16:39:19 | INFO | [GET] ON :/ex1
2020/02/27 | 16:39:19 | INFO | Try to fetch:https://free-nba.p.rapidapi.com/teams?page=0
2020/02/27 | 16:39:19 | INFO | Fetch successfully with status :200, statusText:OK wit time:9208
2020/02/27 | 16:39:19 | INFO | Try to fetch:https://restcountries.eu/rest/v2/name/nap
2020/02/27 | 16:39:19 | INFO | Fetch successfully with status :200, statusText:OK wit time:567
2020/02/27 | 16:39:19 | INFO | Try to fetch:https://api.chucknorris.io/jokes/random
2020/02/27 | 16:39:19 | INFO | Fetch successfully with status :404, statusText:Not Found wit time:234
2020/02/27 | 16:39:19 | INFO | Fetch successfully with status :200, statusText:OK wit time:179
2020/02/27 | 16:39:19 | INFO | Try to fetch:https://restcountries.eu/rest/v2/name/wa
2020/02/27 | 16:39:20 | INFO | Fetch successfully with status :200, statusText:OK wit time:212
2020/02/27 | 16:39:20 | INFO | [GET] ON :/ex1
2020/02/27 | 16:39:20 | INFO | Try to fetch:https://free-nba.p.rapidapi.com/teams?page=0
2020/02/27 | 16:39:20 | INFO | Fetch successfully with status :200, statusText:OK wit time:3227
2020/02/27 | 16:39:20 | INFO | Try to fetch:https://restcountries.eu/rest/v2/name/a
2020/02/27 | 16:39:20 | INFO | Fetch successfully with status :200, statusText:OK wit time:568
2020/02/27 | 16:39:20 | INFO | Try to fetch:https://api.chucknorris.io/jokes/random
2020/02/27 | 16:39:20 | INFO | Fetch successfully with status :200, statusText:OK wit time:236
2020/02/27 | 16:39:20 | INFO | Fetch successfully with status :200, statusText:OK wit time:182
2020/02/27 | 16:39:20 | INFO | Try to fetch:https://restcountries.eu/rest/v2/name/a
2020/02/27 | 16:39:20 | INFO | [GET] ON :/ex1
2020/02/27 | 16:39:20 | INFO | Try to fetch:https://free-nba.p.rapidapi.com/teams?page=0
2020/02/27 | 16:39:21 | INFO | Fetch successfully with status :200, statusText:OK wit time:227
2020/02/27 | 16:39:21 | INFO | [GET] ON :/ex1
2020/02/27 | 16:39:21 | INFO | Try to fetch:https://free-nba.p.rapidapi.com/teams?page=0
2020/02/27 | 16:39:21 | INFO | Fetch successfully with status :200, statusText:OK wit time:552
2020/02/27 | 16:39:21 | INFO | Try to fetch:https://api.chucknorris.io/jokes/random
2020/02/27 | 16:39:21 | INFO | Fetch successfully with status :200, statusText:OK wit time:3192
2020/02/27 | 16:39:21 | INFO | Try to fetch:https://restcountries.eu/rest/v2/name/wh
2020/02/27 | 16:39:21 | INFO | Fetch successfully with status :200, statusText:OK wit time:165
2020/02/27 | 16:39:21 | INFO | Try to fetch:https://restcountries.eu/rest/v2/name/wi
2020/02/27 | 16:39:21 | INFO | Fetch successfully with status :404, statusText:Not Found wit time:210
2020/02/27 | 16:39:21 | INFO | Fetch successfully with status :200, statusText:OK wit time:524
2020/02/27 | 16:39:21 | INFO | Try to fetch:https://api.chucknorris.io/jokes/random
2020/02/27 | 16:39:21 | INFO | Fetch successfully with status :200, statusText:OK wit time:267
2020/02/27 | 16:39:21 | INFO | [GET] ON :/ex1
2020/02/27 | 16:39:21 | INFO | Try to fetch:https://free-nba.p.rapidapi.com/teams?page=0
2020/02/27 | 16:39:22 | INFO | Fetch successfully with status :200, statusText:OK wit time:157
2020/02/27 | 16:39:22 | INFO | Try to fetch:https://restcountries.eu/rest/v2/name/ap
2020/02/27 | 16:39:22 | INFO | Fetch successfully with status :200, statusText:OK wit time:214
2020/02/27 | 16:39:22 | INFO | [GET] ON :/ex1
2020/02/27 | 16:39:22 | INFO | Try to fetch:https://free-nba.p.rapidapi.com/teams?page=0
2020/02/27 | 16:39:22 | INFO | Fetch successfully with status :200, statusText:OK wit time:552
2020/02/27 | 16:39:22 | INFO | Try to fetch:https://api.chucknorris.io/jokes/random
2020/02/27 | 16:39:23 | INFO | Fetch successfully with status :200, statusText:OK wit time:1119
2020/02/27 | 16:39:23 | INFO | Try to fetch:https://api.chucknorris.io/jokes/random
2020/02/27 | 16:39:23 | INFO | Fetch successfully with status :200, statusText:OK wit time:437
2020/02/27 | 16:39:23 | INFO | Try to fetch:https://restcountries.eu/rest/v2/name/in
2020/02/27 | 16:39:24 | INFO | Fetch successfully with status :200, statusText:OK wit time:588
2020/02/27 | 16:39:24 | INFO | [GET] ON :/ex1
2020/02/27 | 16:39:24 | INFO | Try to fetch:https://free-nba.p.rapidapi.com/teams?page=0
2020/02/27 | 16:39:25 | INFO | Fetch successfully with status :200, statusText:OK wit time:548
2020/02/27 | 16:39:25 | INFO | Try to fetch:https://api.chucknorris.io/jokes/random
2020/02/27 | 16:39:25 | INFO | Fetch successfully with status :200, statusText:OK wit time:165
2020/02/27 | 16:39:25 | INFO | Try to fetch:https://restcountries.eu/rest/v2/name/fa
2020/02/27 | 16:39:25 | INFO | Fetch successfully with status :200, statusText:OK wit time:264
2020/02/27 | 16:39:25 | INFO | [GET] ON :/ex1
2020/02/27 | 16:39:25 | INFO | Try to fetch:https://free-nba.p.rapidapi.com/teams?page=0
2020/02/27 | 16:39:25 | INFO | Fetch successfully with status :200, statusText:OK wit time:3376
2020/02/27 | 16:39:25 | INFO | Try to fetch:https://restcountries.eu/rest/v2/name/Ch
2020/02/27 | 16:39:26 | INFO | Fetch successfully with status :200, statusText:OK wit time:548
2020/02/27 | 16:39:26 | INFO | Try to fetch:https://api.chucknorris.io/jokes/random
2020/02/27 | 16:39:26 | INFO | Fetch successfully with status :200, statusText:OK wit time:252
2020/02/27 | 16:39:26 | INFO | [GET] ON :/ex1
2020/02/27 | 16:39:26 | INFO | Try to fetch:https://free-nba.p.rapidapi.com/teams?page=0
2020/02/27 | 16:39:26 | INFO | Fetch successfully with status :200, statusText:OK wit time:422
2020/02/27 | 16:39:26 | INFO | Fetch successfully with status :200, statusText:OK wit time:546
2020/02/27 | 16:39:26 | INFO | Try to fetch:https://api.chucknorris.io/jokes/random
2020/02/27 | 16:39:27 | INFO | Fetch successfully with status :200, statusText:OK wit time:260
2020/02/27 | 16:39:27 | INFO | Try to fetch:https://restcountries.eu/rest/v2/name/wo
2020/02/27 | 16:39:27 | INFO | Fetch successfully with status :404, statusText:Not Found wit time:214
2020/02/27 | 16:40:28 | INFO | [GET] ON :/ex1
2020/02/27 | 16:40:28 | INFO | Try to fetch:https://free-nba.p.rapidapi.com/teams?page=0
2020/02/27 | 16:40:28 | INFO | [GET] ON :/ex1
2020/02/27 | 16:40:28 | INFO | Try to fetch:https://free-nba.p.rapidapi.com/teams?page=0
2020/02/27 | 16:40:28 | INFO | Fetch successfully with status :200, statusText:OK wit time:599
2020/02/27 | 16:40:28 | INFO | Try to fetch:https://api.chucknorris.io/jokes/random
2020/02/27 | 16:40:28 | INFO | [GET] ON :/ex1
2020/02/27 | 16:40:28 | INFO | Try to fetch:https://free-nba.p.rapidapi.com/teams?page=0
2020/02/27 | 16:40:29 | INFO | Fetch successfully with status :200, statusText:OK wit time:572
2020/02/27 | 16:40:29 | INFO | Try to fetch:https://api.chucknorris.io/jokes/random
2020/02/27 | 16:40:29 | INFO | Fetch successfully with status :200, statusText:OK wit time:417
2020/02/27 | 16:40:29 | INFO | Try to fetch:https://restcountries.eu/rest/v2/name/No
2020/02/27 | 16:40:29 | INFO | Fetch successfully with status :200, statusText:OK wit time:577
2020/02/27 | 16:40:29 | INFO | Try to fetch:https://api.chucknorris.io/jokes/random
2020/02/27 | 16:40:29 | INFO | Fetch successfully with status :200, statusText:OK wit time:217
2020/02/27 | 16:40:29 | INFO | [GET] ON :/ex1
2020/02/27 | 16:40:29 | INFO | Try to fetch:https://free-nba.p.rapidapi.com/teams?page=0
2020/02/27 | 16:40:29 | INFO | Fetch successfully with status :200, statusText:OK wit time:404
2020/02/27 | 16:40:29 | INFO | Try to fetch:https://restcountries.eu/rest/v2/name/out
2020/02/27 | 16:40:29 | INFO | Fetch successfully with status :200, statusText:OK wit time:229
2020/02/27 | 16:40:29 | INFO | [GET] ON :/ex1
2020/02/27 | 16:40:29 | INFO | Try to fetch:https://free-nba.p.rapidapi.com/teams?page=0
2020/02/27 | 16:40:29 | INFO | Fetch successfully with status :200, statusText:OK wit time:373
2020/02/27 | 16:40:29 | INFO | Try to fetch:https://restcountries.eu/rest/v2/name/mo
2020/02/27 | 16:40:30 | INFO | Fetch successfully with status :200, statusText:OK wit time:646
2020/02/27 | 16:40:30 | INFO | Try to fetch:https://api.chucknorris.io/jokes/random
2020/02/27 | 16:40:30 | INFO | Fetch successfully with status :200, statusText:OK wit time:533
2020/02/27 | 16:40:31 | INFO | Fetch successfully with status :200, statusText:OK wit time:1247
2020/02/27 | 16:40:31 | INFO | Try to fetch:https://api.chucknorris.io/jokes/random
2020/02/27 | 16:40:31 | INFO | [GET] ON :/ex1
2020/02/27 | 16:40:31 | INFO | Try to fetch:https://free-nba.p.rapidapi.com/teams?page=0
2020/02/27 | 16:40:31 | INFO | Fetch successfully with status :200, statusText:OK wit time:384
2020/02/27 | 16:40:31 | INFO | Fetch successfully with status :200, statusText:OK wit time:542
2020/02/27 | 16:40:31 | INFO | Try to fetch:https://api.chucknorris.io/jokes/random
2020/02/27 | 16:40:32 | INFO | Fetch successfully with status :200, statusText:OK wit time:339
2020/02/27 | 16:40:32 | INFO | Try to fetch:https://restcountries.eu/rest/v2/name/th
2020/02/27 | 16:40:32 | INFO | Fetch successfully with status :200, statusText:OK wit time:226
2020/02/27 | 16:40:32 | INFO | [GET] ON :/ex1
2020/02/27 | 16:40:32 | INFO | Try to fetch:https://free-nba.p.rapidapi.com/teams?page=0
2020/02/27 | 16:40:33 | INFO | Fetch successfully with status :200, statusText:OK wit time:3361
2020/02/27 | 16:40:33 | INFO | Try to fetch:https://restcountries.eu/rest/v2/name/ab
2020/02/27 | 16:40:33 | INFO | Fetch successfully with status :200, statusText:OK wit time:217
2020/02/27 | 16:40:33 | INFO | [GET] ON :/ex1
2020/02/27 | 16:40:33 | INFO | Try to fetch:https://free-nba.p.rapidapi.com/teams?page=0
2020/02/27 | 16:40:34 | INFO | Fetch successfully with status :200, statusText:OK wit time:563
2020/02/27 | 16:40:34 | INFO | Try to fetch:https://api.chucknorris.io/jokes/random
2020/02/27 | 16:40:35 | INFO | Fetch successfully with status :200, statusText:OK wit time:1473
2020/02/27 | 16:40:35 | INFO | Try to fetch:https://restcountries.eu/rest/v2/name/IM
2020/02/27 | 16:40:36 | INFO | Fetch successfully with status :200, statusText:OK wit time:223
2020/02/27 | 16:40:53 | INFO | Fetch successfully with status :200, statusText:OK wit time:21344
2020/02/27 | 16:40:53 | INFO | Try to fetch:https://api.chucknorris.io/jokes/random
2020/02/27 | 16:40:54 | INFO | Fetch successfully with status :200, statusText:OK wit time:403
2020/02/27 | 16:40:54 | INFO | Try to fetch:https://restcountries.eu/rest/v2/name/so
2020/02/27 | 16:40:54 | INFO | Fetch successfully with status :200, statusText:OK wit time:224
