***************************************************************************************************
*** 
*** This is a custom banner
*** 
***************************************************************************************************
*** 
*** Module Name          : FrontEndDriver
*** Project Name         : cchome1
*** Version              : 1.0.0
*** Configured Timezone  : UTC
*** 
***************************************************************************************************
*** 
*** Log Number           : #1
*** Process Start Time   : 2/26/2020, 6:07:05 PM
*** Log Start Time       : 2/26/2020, 6:07:05 PM
*** Log Level            : 0
*** Continuing From      : FrontEndDriver.20272.1582724568023.log
*** 
***************************************************************************************************
*** 
*** Hostname             : EN1210049
*** OS Release           : 10.0.17763
*** Platform             : win32
*** NodeJS Version       : 12.13.1
*** OpenSSL Version      : 1.1.1d
*** 
***************************************************************************************************
*** 
*** DEPENDENT NPM PACKAGE DETAILS
*** 
*** cchome1@1.0.0 D:\dgligaPC\projects\nodejsproj\cchome1
*** +-- babel-install@2.1.0
*** +-- express@4.17.1
*** +-- express-async-await@1.1.0
*** +-- express-handlebars@3.1.0
*** +-- mustache@4.0.0
*** +-- mustache-express@1.3.0
*** +-- node-fetch@2.6.0
*** +-- nodemon@2.0.2
*** +-- open@7.0.2
*** +-- path@0.12.7
*** +-- perfect-logger@2.0.1
*** `-- terminal-link@2.1.1
*** 
*** 
***************************************************************************************************
2020/02/26 | 18:07:13 | INFO | [GET] ON :/style.css
2020/02/26 | 18:07:13 | INFO | [GET] ON :/style.css [ERROR - 404 Page Not Found] 
2020/02/26 | 18:07:13 | INFO | [GET] ON :/favicon.ico
2020/02/26 | 18:07:13 | INFO | [GET] ON :/favicon.ico [ERROR - 404 Page Not Found] 
2020/02/26 | 18:07:19 | INFO | [GET] ON :/ex1
2020/02/26 | 18:07:19 | INFO | Try to fetch:https://api.github.com/users
2020/02/26 | 18:07:20 | INFO | Fetch successfully with status :200, statusText:OK wit time:611
2020/02/26 | 18:07:20 | INFO | Try to fetch:https://api.chucknorris.io/jokes/random
2020/02/26 | 18:07:20 | INFO | Fetch successfully with status :200, statusText:OK wit time:441
2020/02/26 | 18:07:20 | INFO | Try to fetch:https://restcountries.eu/rest/v2/name/po
2020/02/26 | 18:07:20 | INFO | Fetch successfully with status :200, statusText:OK wit time:207
2020/02/26 | 18:07:29 | INFO | [GET] ON :/ex1
2020/02/26 | 18:07:29 | INFO | Try to fetch:https://api.github.com/users
2020/02/26 | 18:07:30 | INFO | Fetch successfully with status :200, statusText:OK wit time:784
2020/02/26 | 18:07:30 | INFO | Try to fetch:https://api.chucknorris.io/jokes/random
2020/02/26 | 18:07:30 | INFO | Fetch successfully with status :200, statusText:OK wit time:341
2020/02/26 | 18:07:30 | INFO | Try to fetch:https://restcountries.eu/rest/v2/name/Ea
2020/02/26 | 18:07:31 | INFO | Fetch successfully with status :200, statusText:OK wit time:206
2020/02/26 | 18:07:32 | INFO | [GET] ON :/ex1
2020/02/26 | 18:07:32 | INFO | Try to fetch:https://api.github.com/users
2020/02/26 | 18:07:33 | INFO | Fetch successfully with status :200, statusText:OK wit time:641
2020/02/26 | 18:07:33 | INFO | Try to fetch:https://api.chucknorris.io/jokes/random
2020/02/26 | 18:07:34 | INFO | Fetch successfully with status :200, statusText:OK wit time:385
2020/02/26 | 18:07:34 | INFO | Try to fetch:https://restcountries.eu/rest/v2/name/ea
2020/02/26 | 18:07:34 | INFO | Fetch successfully with status :200, statusText:OK wit time:237
2020/02/26 | 18:09:21 | INFO | [GET] ON :/ex1
2020/02/26 | 18:09:21 | INFO | Try to fetch:https://api.github.com/users
2020/02/26 | 18:09:21 | INFO | Fetch successfully with status :200, statusText:OK wit time:633
2020/02/26 | 18:09:21 | INFO | Try to fetch:https://api.chucknorris.io/jokes/random
2020/02/26 | 18:09:22 | INFO | Fetch successfully with status :200, statusText:OK wit time:521
2020/02/26 | 18:09:22 | INFO | Try to fetch:https://restcountries.eu/rest/v2/name/the
2020/02/26 | 18:09:22 | INFO | Fetch successfully with status :200, statusText:OK wit time:191
2020/02/26 | 20:12:41 | INFO | [GET] ON :/ekkk
2020/02/26 | 20:12:41 | INFO | [GET] ON :/ekkk [ERROR - 404 Page Not Found] 
