***************************************************************************************************
*** 
*** This is a custom banner
*** 
***************************************************************************************************
*** 
*** Module Name          : FrontEndDriver
*** Project Name         : cchome1
*** Version              : 1.0.0
*** Configured Timezone  : UTC
*** 
***************************************************************************************************
*** 
*** Log Number           : #1
*** Process Start Time   : 2/25/2020, 9:17:02 PM
*** Log Start Time       : 2/25/2020, 9:17:02 PM
*** Log Level            : 0
*** Continuing From      : FrontEndDriver.9228.1582665419439.log
*** 
***************************************************************************************************
*** 
*** Hostname             : EN1210049
*** OS Release           : 10.0.17763
*** Platform             : win32
*** NodeJS Version       : 12.13.1
*** OpenSSL Version      : 1.1.1d
*** 
***************************************************************************************************
*** 
*** DEPENDENT NPM PACKAGE DETAILS
*** 
*** cchome1@1.0.0 D:\dgligaPC\projects\nodejsproj\cchome1
*** +-- babel-install@2.1.0
*** +-- express@4.17.1
*** +-- express-async-await@1.1.0
*** +-- express-handlebars@3.1.0
*** +-- mustache@4.0.0
*** +-- mustache-express@1.3.0
*** +-- node-fetch@2.6.0
*** +-- nodemon@2.0.2
*** +-- open@7.0.2
*** +-- path@0.12.7
*** +-- perfect-logger@2.0.1
*** `-- terminal-link@2.1.1
*** 
*** 
***************************************************************************************************
2020/02/25 | 21:17:26 | INFO | [GET] ON :/ex1
2020/02/25 | 21:17:26 | INFO | Try to fetch:https://api.chucknorris.io/jokes/random
2020/02/25 | 21:17:27 | INFO | Fetch successfully with status :200, statusText:OK wit time:962
2020/02/25 | 21:17:27 | INFO | Try to fetch:https://restcountries.eu/rest/v2/name/nev
2020/02/25 | 21:17:27 | INFO | Fetch successfully with status :200, statusText:OK wit time:249
2020/02/25 | 21:19:21 | INFO | [GET] ON :/ex1
2020/02/25 | 21:19:21 | INFO | Try to fetch:https://api.chucknorris.io/jokes/random
2020/02/25 | 21:19:22 | INFO | Fetch successfully with status :200, statusText:OK wit time:915
2020/02/25 | 21:19:22 | INFO | Try to fetch:https://restcountries.eu/rest/v2/name/sca
2020/02/25 | 21:19:22 | INFO | Fetch successfully with status :200, statusText:OK wit time:194
2020/02/25 | 21:19:27 | INFO | [GET] ON :/ex1
2020/02/25 | 21:19:27 | INFO | Try to fetch:https://api.chucknorris.io/jokes/random
2020/02/25 | 21:19:28 | INFO | Fetch successfully with status :200, statusText:OK wit time:849
2020/02/25 | 21:19:28 | INFO | Try to fetch:https://restcountries.eu/rest/v2/name/he
2020/02/25 | 21:19:29 | INFO | Fetch successfully with status :200, statusText:OK wit time:179
2020/02/25 | 21:19:36 | INFO | [GET] ON :/ex1
2020/02/25 | 21:19:36 | INFO | Try to fetch:https://api.chucknorris.io/jokes/random
2020/02/25 | 21:19:38 | INFO | [GET] ON :/ex1
2020/02/25 | 21:19:38 | INFO | Try to fetch:https://api.chucknorris.io/jokes/random
2020/02/25 | 21:19:39 | INFO | Fetch successfully with status :200, statusText:OK wit time:869
2020/02/25 | 21:19:39 | INFO | Try to fetch:https://restcountries.eu/rest/v2/name/Chu
2020/02/25 | 21:19:39 | INFO | Fetch successfully with status :200, statusText:OK wit time:178
2020/02/25 | 21:19:39 | INFO | Fetch successfully with status :200, statusText:OK wit time:3841
2020/02/25 | 21:19:39 | INFO | Try to fetch:https://restcountries.eu/rest/v2/name/rip
2020/02/25 | 21:19:40 | INFO | Fetch successfully with status :200, statusText:OK wit time:202
2020/02/25 | 21:19:41 | INFO | [GET] ON :/ex1
2020/02/25 | 21:19:41 | INFO | Try to fetch:https://api.chucknorris.io/jokes/random
2020/02/25 | 21:19:42 | INFO | Fetch successfully with status :200, statusText:OK wit time:831
2020/02/25 | 21:19:42 | INFO | Try to fetch:https://restcountries.eu/rest/v2/name/fir
2020/02/25 | 21:19:45 | INFO | Fetch successfully with status :404, statusText:Not Found wit time:3194
2020/02/25 | 21:19:49 | INFO | [GET] ON :/ex1
2020/02/25 | 21:19:49 | INFO | Try to fetch:https://api.chucknorris.io/jokes/random
2020/02/25 | 21:19:49 | INFO | Fetch successfully with status :200, statusText:OK wit time:807
2020/02/25 | 21:19:49 | INFO | Try to fetch:https://restcountries.eu/rest/v2/name/bet
2020/02/25 | 21:19:50 | INFO | Fetch successfully with status :404, statusText:Not Found wit time:188
2020/02/25 | 21:20:19 | INFO | [GET] ON :/ex1
2020/02/25 | 21:20:19 | INFO | Try to fetch:https://api.chucknorris.io/jokes/random
2020/02/25 | 21:20:20 | INFO | Fetch successfully with status :200, statusText:OK wit time:907
2020/02/25 | 21:20:20 | INFO | Try to fetch:https://restcountries.eu/rest/v2/name/one
2020/02/25 | 21:20:20 | INFO | Fetch successfully with status :200, statusText:OK wit time:192
2020/02/25 | 21:20:24 | INFO | [GET] ON :/ex1
2020/02/25 | 21:20:24 | INFO | Try to fetch:https://api.chucknorris.io/jokes/random
2020/02/25 | 21:20:25 | INFO | Fetch successfully with status :200, statusText:OK wit time:856
2020/02/25 | 21:20:25 | INFO | Try to fetch:https://restcountries.eu/rest/v2/name/it
2020/02/25 | 21:20:25 | INFO | Fetch successfully with status :200, statusText:OK wit time:196
2020/02/25 | 21:20:44 | INFO | [GET] ON :/ex1
2020/02/25 | 21:20:44 | INFO | Try to fetch:https://api.chucknorris.io/jokes/random
2020/02/25 | 21:20:45 | INFO | Fetch successfully with status :200, statusText:OK wit time:857
2020/02/25 | 21:20:45 | INFO | Try to fetch:https://restcountries.eu/rest/v2/name/the
2020/02/25 | 21:20:46 | INFO | Fetch successfully with status :200, statusText:OK wit time:190
2020/02/25 | 21:20:49 | INFO | [GET] ON :/ex1
2020/02/25 | 21:20:49 | INFO | Try to fetch:https://api.chucknorris.io/jokes/random
2020/02/25 | 21:20:53 | INFO | Fetch successfully with status :200, statusText:OK wit time:3796
2020/02/25 | 21:20:53 | INFO | Try to fetch:https://restcountries.eu/rest/v2/name/int
2020/02/25 | 21:20:53 | INFO | Fetch successfully with status :200, statusText:OK wit time:194
2020/02/25 | 21:21:31 | INFO | [GET] ON :/ex1
2020/02/25 | 21:21:31 | INFO | Try to fetch:https://api.chucknorris.io/jokes/random
2020/02/25 | 21:21:32 | INFO | Fetch successfully with status :200, statusText:OK wit time:910
2020/02/25 | 21:21:32 | INFO | Try to fetch:https://restcountries.eu/rest/v2/name/bel
2020/02/25 | 21:21:32 | INFO | Fetch successfully with status :200, statusText:OK wit time:190
2020/02/25 | 21:21:39 | INFO | [GET] ON :/ex1
2020/02/25 | 21:21:39 | INFO | Try to fetch:https://api.chucknorris.io/jokes/random
2020/02/25 | 21:21:40 | INFO | Fetch successfully with status :200, statusText:OK wit time:833
2020/02/25 | 21:21:40 | INFO | Try to fetch:https://restcountries.eu/rest/v2/name/yea
2020/02/25 | 21:21:40 | INFO | Fetch successfully with status :404, statusText:Not Found wit time:193
