***************************************************************************************************
*** 
*** This is a custom banner
*** 
***************************************************************************************************
*** 
*** Module Name          : FrontEndDriver
*** Project Name         : cchome1
*** Version              : 1.0.0
*** Configured Timezone  : UTC
*** 
***************************************************************************************************
*** 
*** Log Number           : #1
*** Process Start Time   : 2/27/2020, 2:09:01 PM
*** Log Start Time       : 2/27/2020, 2:09:01 PM
*** Log Level            : 0
*** Continuing From      : FrontEndDriver.17268.1582812534513.log
*** 
***************************************************************************************************
*** 
*** Hostname             : EN1210049
*** OS Release           : 10.0.17763
*** Platform             : win32
*** NodeJS Version       : 12.13.1
*** OpenSSL Version      : 1.1.1d
*** 
***************************************************************************************************
*** 
*** DEPENDENT NPM PACKAGE DETAILS
*** 
*** cchome1@1.0.0 D:\dgligaPC\projects\nodejsproj\cchome1
*** +-- babel-install@2.1.0
*** +-- express@4.17.1
*** +-- express-async-await@1.1.0
*** +-- express-handlebars@3.1.0
*** +-- mustache@4.0.0
*** +-- mustache-express@1.3.0
*** +-- node-fetch@2.6.0
*** +-- nodemon@2.0.2
*** +-- open@7.0.2
*** +-- path@0.12.7
*** +-- perfect-logger@2.0.1
*** `-- terminal-link@2.1.1
*** 
*** 
***************************************************************************************************
2020/02/27 | 14:09:06 | INFO | [GET] ON :/ex1
2020/02/27 | 14:09:06 | INFO | Try to fetch:https://free-nba.p.rapidapi.com/teams?page=0
2020/02/27 | 14:09:07 | INFO | [ERROR] with status :ReferenceError: response is not defined
