***************************************************************************************************
*** 
*** This is a custom banner
*** 
***************************************************************************************************
*** 
*** Module Name          : FrontEndDriver
*** Project Name         : cchome1
*** Version              : 1.0.0
*** Configured Timezone  : UTC
*** 
***************************************************************************************************
*** 
*** Log Number           : #1
*** Process Start Time   : 2/25/2020, 9:23:23 PM
*** Log Start Time       : 2/25/2020, 9:23:23 PM
*** Log Level            : 0
*** Continuing From      : FrontEndDriver.24100.1582665793213.log
*** 
***************************************************************************************************
*** 
*** Hostname             : EN1210049
*** OS Release           : 10.0.17763
*** Platform             : win32
*** NodeJS Version       : 12.13.1
*** OpenSSL Version      : 1.1.1d
*** 
***************************************************************************************************
*** 
*** DEPENDENT NPM PACKAGE DETAILS
*** 
*** cchome1@1.0.0 D:\dgligaPC\projects\nodejsproj\cchome1
*** +-- babel-install@2.1.0
*** +-- express@4.17.1
*** +-- express-async-await@1.1.0
*** +-- express-handlebars@3.1.0
*** +-- mustache@4.0.0
*** +-- mustache-express@1.3.0
*** +-- node-fetch@2.6.0
*** +-- nodemon@2.0.2
*** +-- open@7.0.2
*** +-- path@0.12.7
*** +-- perfect-logger@2.0.1
*** `-- terminal-link@2.1.1
*** 
*** 
***************************************************************************************************
2020/02/25 | 21:23:33 | INFO | [GET] ON :/ex1
2020/02/25 | 21:23:33 | INFO | Try to fetch:https://api.chucknorris.io/jokes/random
2020/02/25 | 21:23:34 | INFO | Fetch successfully with status :200, statusText:OK wit time:902
2020/02/25 | 21:23:34 | INFO | Try to fetch:https://restcountries.eu/rest/v2/name/uni
2020/02/25 | 21:23:34 | INFO | Fetch successfully with status :200, statusText:OK wit time:183
2020/02/25 | 21:23:36 | INFO | [GET] ON :/ex1
2020/02/25 | 21:23:36 | INFO | Try to fetch:https://api.chucknorris.io/jokes/random
2020/02/25 | 21:23:37 | INFO | Fetch successfully with status :200, statusText:OK wit time:849
2020/02/25 | 21:23:37 | INFO | Try to fetch:https://restcountries.eu/rest/v2/name/uni
2020/02/25 | 21:23:37 | INFO | Fetch successfully with status :200, statusText:OK wit time:182
2020/02/25 | 21:23:39 | INFO | [GET] ON :/ex1
2020/02/25 | 21:23:39 | INFO | Try to fetch:https://api.chucknorris.io/jokes/random
2020/02/25 | 21:23:40 | INFO | Fetch successfully with status :200, statusText:OK wit time:877
2020/02/25 | 21:23:40 | INFO | Try to fetch:https://restcountries.eu/rest/v2/name/uni
2020/02/25 | 21:23:40 | INFO | Fetch successfully with status :200, statusText:OK wit time:178
2020/02/25 | 21:23:41 | INFO | [GET] ON :/ex1
2020/02/25 | 21:23:41 | INFO | Try to fetch:https://api.chucknorris.io/jokes/random
2020/02/25 | 21:23:42 | INFO | Fetch successfully with status :200, statusText:OK wit time:830
2020/02/25 | 21:23:42 | INFO | Try to fetch:https://restcountries.eu/rest/v2/name/uni
2020/02/25 | 21:23:42 | INFO | Fetch successfully with status :200, statusText:OK wit time:236
2020/02/25 | 21:23:45 | INFO | [GET] ON :/ex1
2020/02/25 | 21:23:45 | INFO | Try to fetch:https://api.chucknorris.io/jokes/random
2020/02/25 | 21:23:45 | INFO | Fetch successfully with status :200, statusText:OK wit time:900
2020/02/25 | 21:23:45 | INFO | Try to fetch:https://restcountries.eu/rest/v2/name/uni
2020/02/25 | 21:23:46 | INFO | Fetch successfully with status :200, statusText:OK wit time:203
