***************************************************************************************************
*** 
*** This is a custom banner
*** 
***************************************************************************************************
*** 
*** Module Name          : FrontEndDriver
*** Project Name         : cchome1
*** Version              : 1.0.0
*** Configured Timezone  : UTC
*** 
***************************************************************************************************
*** 
*** Log Number           : #1
*** Process Start Time   : 2/25/2020, 8:49:25 PM
*** Log Start Time       : 2/25/2020, 8:49:25 PM
*** Log Level            : 0
*** Continuing From      : FrontEndDriver.20212.1582663761617.log
*** 
***************************************************************************************************
*** 
*** Hostname             : EN1210049
*** OS Release           : 10.0.17763
*** Platform             : win32
*** NodeJS Version       : 12.13.1
*** OpenSSL Version      : 1.1.1d
*** 
***************************************************************************************************
*** 
*** DEPENDENT NPM PACKAGE DETAILS
*** 
*** cchome1@1.0.0 D:\dgligaPC\projects\nodejsproj\cchome1
*** +-- babel-install@2.1.0
*** +-- express@4.17.1
*** +-- express-async-await@1.1.0
*** +-- express-handlebars@3.1.0
*** +-- mustache@4.0.0
*** +-- mustache-express@1.3.0
*** +-- node-fetch@2.6.0
*** +-- nodemon@2.0.2
*** +-- open@7.0.2
*** +-- path@0.12.7
*** +-- perfect-logger@2.0.1
*** `-- terminal-link@2.1.1
*** 
*** 
***************************************************************************************************
2020/02/25 | 20:49:34 | INFO | [GET] ON :/ex1
2020/02/25 | 20:49:34 | INFO | Try to fetch:https://api.chucknorris.io/jokes/random
2020/02/25 | 20:49:35 | INFO | Fetch successfully with status :200, statusText:OK wit time:935
2020/02/25 | 20:49:35 | INFO | Try to fetch:https://restcountries.eu/rest/v2/name/bea
2020/02/25 | 20:49:35 | INFO | Fetch successfully with status :404, statusText:Not Found wit time:180
2020/02/25 | 20:49:41 | INFO | [GET] ON :/ex1
2020/02/25 | 20:49:41 | INFO | Try to fetch:https://api.chucknorris.io/jokes/random
2020/02/25 | 20:49:42 | INFO | Fetch successfully with status :200, statusText:OK wit time:810
2020/02/25 | 20:49:42 | INFO | Try to fetch:https://restcountries.eu/rest/v2/name/chr
2020/02/25 | 20:49:42 | INFO | Fetch successfully with status :200, statusText:OK wit time:205
2020/02/25 | 20:55:19 | INFO | [GET] ON :/style.css
2020/02/25 | 20:55:19 | INFO | [GET] ON :/style.css [ERROR - 404 Page Not Found] 
2020/02/25 | 20:55:23 | INFO | [GET] ON :/style.css
2020/02/25 | 20:55:23 | INFO | [GET] ON :/style.css [ERROR - 404 Page Not Found] 
2020/02/25 | 20:55:25 | INFO | [GET] ON :/style.css
2020/02/25 | 20:55:25 | INFO | [GET] ON :/style.css [ERROR - 404 Page Not Found] 
2020/02/25 | 20:55:26 | INFO | [GET] ON :/style.css
2020/02/25 | 20:55:26 | INFO | [GET] ON :/style.css [ERROR - 404 Page Not Found] 
2020/02/25 | 20:55:26 | INFO | [GET] ON :/style.css
2020/02/25 | 20:55:26 | INFO | [GET] ON :/style.css [ERROR - 404 Page Not Found] 
2020/02/25 | 20:55:33 | INFO | [GET] ON :/style.css
2020/02/25 | 20:55:33 | INFO | [GET] ON :/style.css [ERROR - 404 Page Not Found] 
2020/02/25 | 20:55:34 | INFO | [GET] ON :/style.css
2020/02/25 | 20:55:34 | INFO | [GET] ON :/style.css [ERROR - 404 Page Not Found] 
2020/02/25 | 20:55:34 | INFO | [GET] ON :/style.css
2020/02/25 | 20:55:34 | INFO | [GET] ON :/style.css [ERROR - 404 Page Not Found] 
2020/02/25 | 20:55:34 | INFO | [GET] ON :/style.css
2020/02/25 | 20:55:34 | INFO | [GET] ON :/style.css [ERROR - 404 Page Not Found] 
2020/02/25 | 20:55:53 | INFO | [GET] ON :/style.css
2020/02/25 | 20:55:53 | INFO | [GET] ON :/style.css [ERROR - 404 Page Not Found] 
2020/02/25 | 20:56:15 | INFO | [GET] ON :/style.css
2020/02/25 | 20:56:15 | INFO | [GET] ON :/style.css [ERROR - 404 Page Not Found] 
2020/02/25 | 20:56:16 | INFO | [GET] ON :/style.css
2020/02/25 | 20:56:16 | INFO | [GET] ON :/style.css [ERROR - 404 Page Not Found] 
2020/02/25 | 20:56:17 | INFO | [GET] ON :/style.css
2020/02/25 | 20:56:17 | INFO | [GET] ON :/style.css [ERROR - 404 Page Not Found] 
2020/02/25 | 20:56:17 | INFO | [GET] ON :/style.css
2020/02/25 | 20:56:17 | INFO | [GET] ON :/style.css [ERROR - 404 Page Not Found] 
2020/02/25 | 20:56:18 | INFO | [GET] ON :/style.css
2020/02/25 | 20:56:18 | INFO | [GET] ON :/style.css [ERROR - 404 Page Not Found] 
2020/02/25 | 20:56:18 | INFO | [GET] ON :/style.css
2020/02/25 | 20:56:18 | INFO | [GET] ON :/style.css [ERROR - 404 Page Not Found] 
2020/02/25 | 20:56:19 | INFO | [GET] ON :/style.css
2020/02/25 | 20:56:19 | INFO | [GET] ON :/style.css [ERROR - 404 Page Not Found] 
2020/02/25 | 20:57:04 | INFO | [GET] ON :/style.css
2020/02/25 | 20:57:04 | INFO | [GET] ON :/style.css [ERROR - 404 Page Not Found] 
2020/02/25 | 20:57:07 | INFO | [GET] ON :/style.css
2020/02/25 | 20:57:07 | INFO | [GET] ON :/style.css [ERROR - 404 Page Not Found] 
2020/02/25 | 21:00:19 | INFO | [GET] ON :/style.css
2020/02/25 | 21:00:19 | INFO | [GET] ON :/style.css [ERROR - 404 Page Not Found] 
2020/02/25 | 21:00:33 | INFO | [GET] ON :/style.css
2020/02/25 | 21:00:33 | INFO | [GET] ON :/style.css [ERROR - 404 Page Not Found] 
2020/02/25 | 21:00:47 | INFO | [GET] ON :/style.css
2020/02/25 | 21:00:47 | INFO | [GET] ON :/style.css [ERROR - 404 Page Not Found] 
2020/02/25 | 21:01:03 | INFO | [GET] ON :/style.css
2020/02/25 | 21:01:03 | INFO | [GET] ON :/style.css [ERROR - 404 Page Not Found] 
2020/02/25 | 21:01:03 | INFO | [GET] ON :/favicon.ico
2020/02/25 | 21:01:03 | INFO | [GET] ON :/favicon.ico [ERROR - 404 Page Not Found] 
2020/02/25 | 21:01:04 | INFO | [GET] ON :/style.css
2020/02/25 | 21:01:04 | INFO | [GET] ON :/style.css [ERROR - 404 Page Not Found] 
2020/02/25 | 21:01:05 | INFO | [GET] ON :/favicon.ico
2020/02/25 | 21:01:05 | INFO | [GET] ON :/favicon.ico [ERROR - 404 Page Not Found] 
2020/02/25 | 21:01:31 | INFO | [GET] ON :/style.css
2020/02/25 | 21:01:31 | INFO | [GET] ON :/style.css [ERROR - 404 Page Not Found] 
2020/02/25 | 21:02:02 | INFO | [GET] ON :/style.css
2020/02/25 | 21:02:02 | INFO | [GET] ON :/style.css [ERROR - 404 Page Not Found] 
2020/02/25 | 21:02:58 | INFO | [GET] ON :/style.css
2020/02/25 | 21:02:58 | INFO | [GET] ON :/style.css [ERROR - 404 Page Not Found] 
2020/02/25 | 21:03:16 | INFO | [GET] ON :/style.css
2020/02/25 | 21:03:16 | INFO | [GET] ON :/style.css [ERROR - 404 Page Not Found] 
2020/02/25 | 21:03:21 | INFO | [GET] ON :/ex1
2020/02/25 | 21:03:21 | INFO | Try to fetch:https://api.chucknorris.io/jokes/random
2020/02/25 | 21:03:22 | INFO | Fetch successfully with status :200, statusText:OK wit time:1010
2020/02/25 | 21:03:22 | INFO | Try to fetch:https://restcountries.eu/rest/v2/name/tha
2020/02/25 | 21:03:22 | INFO | Fetch successfully with status :200, statusText:OK wit time:255
2020/02/25 | 21:03:47 | INFO | [GET] ON :/ex1
2020/02/25 | 21:03:47 | INFO | Try to fetch:https://api.chucknorris.io/jokes/random
2020/02/25 | 21:03:48 | INFO | Fetch successfully with status :200, statusText:OK wit time:931
2020/02/25 | 21:03:48 | INFO | Try to fetch:https://restcountries.eu/rest/v2/name/"Co
2020/02/25 | 21:03:48 | INFO | Fetch successfully with status :404, statusText:Not Found wit time:188
