***************************************************************************************************
*** 
*** This is a custom banner
*** 
***************************************************************************************************
*** 
*** Module Name          : FrontEndDriver
*** Project Name         : cchome1
*** Version              : 1.0.0
*** Configured Timezone  : UTC
*** 
***************************************************************************************************
*** 
*** Log Number           : #1
*** Process Start Time   : 2/25/2020, 8:45:57 PM
*** Log Start Time       : 2/25/2020, 8:45:57 PM
*** Log Level            : 0
*** Continuing From      : FrontEndDriver.19388.1582663509587.log
*** 
***************************************************************************************************
*** 
*** Hostname             : EN1210049
*** OS Release           : 10.0.17763
*** Platform             : win32
*** NodeJS Version       : 12.13.1
*** OpenSSL Version      : 1.1.1d
*** 
***************************************************************************************************
*** 
*** DEPENDENT NPM PACKAGE DETAILS
*** 
*** cchome1@1.0.0 D:\dgligaPC\projects\nodejsproj\cchome1
*** +-- babel-install@2.1.0
*** +-- express@4.17.1
*** +-- express-async-await@1.1.0
*** +-- express-handlebars@3.1.0
*** +-- mustache@4.0.0
*** +-- mustache-express@1.3.0
*** +-- node-fetch@2.6.0
*** +-- nodemon@2.0.2
*** +-- open@7.0.2
*** +-- path@0.12.7
*** +-- perfect-logger@2.0.1
*** `-- terminal-link@2.1.1
*** 
*** 
***************************************************************************************************
2020/02/25 | 20:46:02 | INFO | [GET] ON :/ex1
2020/02/25 | 20:46:02 | INFO | Try to fetch:https://api.chucknorris.io/jokes/random
2020/02/25 | 20:46:03 | INFO | [GET] ON :/ex1
2020/02/25 | 20:46:03 | INFO | Try to fetch:https://api.chucknorris.io/jokes/random
2020/02/25 | 20:46:03 | INFO | Fetch successfully with status :200, statusText:OK wit time:958
2020/02/25 | 20:46:03 | INFO | Try to fetch:https://restcountries.eu/rest/v2/name/an
2020/02/25 | 20:46:03 | INFO | Fetch successfully with status :200, statusText:OK wit time:213
2020/02/25 | 20:46:03 | INFO | Fetch successfully with status :200, statusText:OK wit time:835
2020/02/25 | 20:46:04 | INFO | Try to fetch:https://restcountries.eu/rest/v2/name/if
2020/02/25 | 20:46:04 | INFO | Fetch successfully with status :404, statusText:Not Found wit time:189
2020/02/25 | 20:46:08 | INFO | [GET] ON :/ex1
2020/02/25 | 20:46:08 | INFO | Try to fetch:https://api.chucknorris.io/jokes/random
2020/02/25 | 20:46:09 | INFO | Fetch successfully with status :200, statusText:OK wit time:838
2020/02/25 | 20:46:09 | INFO | Try to fetch:https://restcountries.eu/rest/v2/name/the
2020/02/25 | 20:46:12 | INFO | Fetch successfully with status :200, statusText:OK wit time:3211
